2024-07-07 08:13:25,024 - src.views - DEBUG - Операция: {'Номер карты': '*1234', 'Сумма операции': -100.0, 'Бонусы (включая кэшбэк)': 5}
2024-07-07 08:13:25,024 - src.views - DEBUG - Обработка транзакции с номером карты: *1234
2024-07-07 08:13:25,024 - src.views - DEBUG - Операция: {'Номер карты': '*5678', 'Сумма операции': -200.0, 'Бонусы (включая кэшбэк)': 10}
2024-07-07 08:13:25,024 - src.views - DEBUG - Обработка транзакции с номером карты: *5678
2024-07-07 08:13:25,024 - src.views - DEBUG - Операция: {'Номер карты': '*1234', 'Сумма операции': -50.0, 'Бонусы (включая кэшбэк)': 2}
2024-07-07 08:13:25,024 - src.views - DEBUG - Обработка транзакции с номером карты: *1234
2024-07-07 08:13:25,024 - src.views - DEBUG - Операция: {'Номер карты': None, 'Сумма операции': -150.0, 'Бонусы (включая кэшбэк)': 5}
2024-07-07 08:13:25,024 - src.views - WARNING - Пропущена операция без номера карты: {'Номер карты': None, 'Сумма операции': -150.0, 'Бонусы (включая кэшбэк)': 5}
2024-07-07 08:13:25,024 - src.views - DEBUG - Обработанные данные карт: [{'last_digits': '1234', 'total_spent': 150.0, 'cashback': 7.0}, {'last_digits': '5678', 'total_spent': 200.0, 'cashback': 10.0}]
2024-07-07 08:13:25,030 - src.views - INFO - Успешно! Результат - 1
2024-07-07 08:13:25,030 - src.views - INFO - Успешно! Результат - 0
2024-07-07 08:13:25,030 - src.views - INFO - Успешно! Результат - 2
2024-07-07 08:36:26,080 - src.views - DEBUG - Операция: {'Номер карты': '*1234', 'Сумма операции': -100.0, 'Бонусы (включая кэшбэк)': 5}
2024-07-07 08:36:26,082 - src.views - DEBUG - Обработка транзакции с номером карты: *1234
2024-07-07 08:36:26,082 - src.views - DEBUG - Операция: {'Номер карты': '*5678', 'Сумма операции': -200.0, 'Бонусы (включая кэшбэк)': 10}
2024-07-07 08:36:26,082 - src.views - DEBUG - Обработка транзакции с номером карты: *5678
2024-07-07 08:36:26,082 - src.views - DEBUG - Операция: {'Номер карты': '*1234', 'Сумма операции': -50.0, 'Бонусы (включая кэшбэк)': 2}
2024-07-07 08:36:26,084 - src.views - DEBUG - Обработка транзакции с номером карты: *1234
2024-07-07 08:36:26,084 - src.views - DEBUG - Операция: {'Номер карты': None, 'Сумма операции': -150.0, 'Бонусы (включая кэшбэк)': 5}
2024-07-07 08:36:26,084 - src.views - WARNING - Пропущена операция без номера карты: {'Номер карты': None, 'Сумма операции': -150.0, 'Бонусы (включая кэшбэк)': 5}
2024-07-07 08:36:26,084 - src.views - DEBUG - Обработанные данные карт: [{'last_digits': '1234', 'total_spent': 150.0, 'cashback': 7.0}, {'last_digits': '5678', 'total_spent': 200.0, 'cashback': 10.0}]
2024-07-07 08:36:26,095 - src.views - INFO - Успешно! Результат - 1
2024-07-07 08:36:26,095 - src.views - INFO - Успешно! Результат - 0
2024-07-07 08:36:26,095 - src.views - INFO - Успешно! Результат - 2
2024-07-07 08:38:24,648 - src.views - DEBUG - Операция: {'Номер карты': '*1234', 'Сумма операции': -100.0, 'Бонусы (включая кэшбэк)': 5}
2024-07-07 08:38:24,648 - src.views - DEBUG - Обработка транзакции с номером карты: *1234
2024-07-07 08:38:24,648 - src.views - DEBUG - Операция: {'Номер карты': '*5678', 'Сумма операции': -200.0, 'Бонусы (включая кэшбэк)': 10}
2024-07-07 08:38:24,648 - src.views - DEBUG - Обработка транзакции с номером карты: *5678
2024-07-07 08:38:24,648 - src.views - DEBUG - Операция: {'Номер карты': '*1234', 'Сумма операции': -50.0, 'Бонусы (включая кэшбэк)': 2}
2024-07-07 08:38:24,648 - src.views - DEBUG - Обработка транзакции с номером карты: *1234
2024-07-07 08:38:24,648 - src.views - DEBUG - Операция: {'Номер карты': None, 'Сумма операции': -150.0, 'Бонусы (включая кэшбэк)': 5}
2024-07-07 08:38:24,648 - src.views - WARNING - Пропущена операция без номера карты: {'Номер карты': None, 'Сумма операции': -150.0, 'Бонусы (включая кэшбэк)': 5}
2024-07-07 08:38:24,648 - src.views - DEBUG - Обработанные данные карт: [{'last_digits': '1234', 'total_spent': 150.0, 'cashback': 7.0}, {'last_digits': '5678', 'total_spent': 200.0, 'cashback': 10.0}]
2024-07-07 08:38:24,648 - src.views - INFO - Успешно! Результат - 1
2024-07-07 08:38:24,648 - src.views - INFO - Успешно! Результат - 0
2024-07-07 08:38:24,648 - src.views - INFO - Успешно! Результат - 2
2024-07-07 08:38:24,838 - src.views - INFO - Запуск главной страницы
2024-07-07 08:40:44,106 - src.views - DEBUG - Операция: {'Номер карты': '*1234', 'Сумма операции': -100.0, 'Бонусы (включая кэшбэк)': 5}
2024-07-07 08:40:44,106 - src.views - DEBUG - Обработка транзакции с номером карты: *1234
2024-07-07 08:40:44,106 - src.views - DEBUG - Операция: {'Номер карты': '*5678', 'Сумма операции': -200.0, 'Бонусы (включая кэшбэк)': 10}
2024-07-07 08:40:44,106 - src.views - DEBUG - Обработка транзакции с номером карты: *5678
2024-07-07 08:40:44,106 - src.views - DEBUG - Операция: {'Номер карты': '*1234', 'Сумма операции': -50.0, 'Бонусы (включая кэшбэк)': 2}
2024-07-07 08:40:44,106 - src.views - DEBUG - Обработка транзакции с номером карты: *1234
2024-07-07 08:40:44,106 - src.views - DEBUG - Операция: {'Номер карты': None, 'Сумма операции': -150.0, 'Бонусы (включая кэшбэк)': 5}
2024-07-07 08:40:44,106 - src.views - WARNING - Пропущена операция без номера карты: {'Номер карты': None, 'Сумма операции': -150.0, 'Бонусы (включая кэшбэк)': 5}
2024-07-07 08:40:44,106 - src.views - DEBUG - Обработанные данные карт: [{'last_digits': '1234', 'total_spent': 150.0, 'cashback': 7.0}, {'last_digits': '5678', 'total_spent': 200.0, 'cashback': 10.0}]
2024-07-07 08:40:44,111 - src.views - INFO - Успешно! Результат - 1
2024-07-07 08:40:44,111 - src.views - INFO - Успешно! Результат - 0
2024-07-07 08:40:44,111 - src.views - INFO - Успешно! Результат - 2
2024-07-07 08:40:44,296 - src.views - INFO - Запуск главной страницы
2024-07-07 08:42:11,428 - src.views - DEBUG - Операция: {'Номер карты': '*1234', 'Сумма операции': -100.0, 'Бонусы (включая кэшбэк)': 5}
2024-07-07 08:42:11,428 - src.views - DEBUG - Обработка транзакции с номером карты: *1234
2024-07-07 08:42:11,428 - src.views - DEBUG - Операция: {'Номер карты': '*5678', 'Сумма операции': -200.0, 'Бонусы (включая кэшбэк)': 10}
2024-07-07 08:42:11,428 - src.views - DEBUG - Обработка транзакции с номером карты: *5678
2024-07-07 08:42:11,428 - src.views - DEBUG - Операция: {'Номер карты': '*1234', 'Сумма операции': -50.0, 'Бонусы (включая кэшбэк)': 2}
2024-07-07 08:42:11,428 - src.views - DEBUG - Обработка транзакции с номером карты: *1234
2024-07-07 08:42:11,428 - src.views - DEBUG - Операция: {'Номер карты': None, 'Сумма операции': -150.0, 'Бонусы (включая кэшбэк)': 5}
2024-07-07 08:42:11,428 - src.views - WARNING - Пропущена операция без номера карты: {'Номер карты': None, 'Сумма операции': -150.0, 'Бонусы (включая кэшбэк)': 5}
2024-07-07 08:42:11,428 - src.views - DEBUG - Обработанные данные карт: [{'last_digits': '1234', 'total_spent': 150.0, 'cashback': 7.0}, {'last_digits': '5678', 'total_spent': 200.0, 'cashback': 10.0}]
2024-07-07 08:42:11,431 - src.views - INFO - Успешно! Результат - 1
2024-07-07 08:42:11,431 - src.views - INFO - Успешно! Результат - 0
2024-07-07 08:42:11,431 - src.views - INFO - Успешно! Результат - 2
2024-07-07 08:42:11,616 - src.views - INFO - Запуск главной страницы
2024-07-08 19:09:51,808 - src.views - DEBUG - Операция: {'Номер карты': '*1234', 'Сумма операции': -100.0, 'Бонусы (включая кэшбэк)': 5}
2024-07-08 19:09:51,808 - src.views - DEBUG - Обработка транзакции с номером карты: *1234
2024-07-08 19:09:51,808 - src.views - DEBUG - Операция: {'Номер карты': '*5678', 'Сумма операции': -200.0, 'Бонусы (включая кэшбэк)': 10}
2024-07-08 19:09:51,808 - src.views - DEBUG - Обработка транзакции с номером карты: *5678
2024-07-08 19:09:51,808 - src.views - DEBUG - Операция: {'Номер карты': '*1234', 'Сумма операции': -50.0, 'Бонусы (включая кэшбэк)': 2}
2024-07-08 19:09:51,808 - src.views - DEBUG - Обработка транзакции с номером карты: *1234
2024-07-08 19:09:51,808 - src.views - DEBUG - Операция: {'Номер карты': None, 'Сумма операции': -150.0, 'Бонусы (включая кэшбэк)': 5}
2024-07-08 19:09:51,808 - src.views - WARNING - Пропущена операция без номера карты: {'Номер карты': None, 'Сумма операции': -150.0, 'Бонусы (включая кэшбэк)': 5}
2024-07-08 19:09:51,808 - src.views - DEBUG - Обработанные данные карт: [{'last_digits': '1234', 'total_spent': 150.0, 'cashback': 7.0}, {'last_digits': '5678', 'total_spent': 200.0, 'cashback': 10.0}]
2024-07-08 19:09:51,808 - src.views - INFO - Успешно! Результат - 1
2024-07-08 19:09:51,808 - src.views - INFO - Успешно! Результат - 0
2024-07-08 19:09:51,808 - src.views - INFO - Успешно! Результат - 2
2024-07-08 19:09:52,078 - src.views - INFO - Запуск главной страницы
2024-07-08 19:14:10,380 - src.views - DEBUG - Операция: {'Номер карты': '*1234', 'Сумма операции': -100.0, 'Бонусы (включая кэшбэк)': 5}
2024-07-08 19:14:10,380 - src.views - DEBUG - Обработка транзакции с номером карты: *1234
2024-07-08 19:14:10,380 - src.views - DEBUG - Операция: {'Номер карты': '*5678', 'Сумма операции': -200.0, 'Бонусы (включая кэшбэк)': 10}
2024-07-08 19:14:10,380 - src.views - DEBUG - Обработка транзакции с номером карты: *5678
2024-07-08 19:14:10,380 - src.views - DEBUG - Операция: {'Номер карты': '*1234', 'Сумма операции': -50.0, 'Бонусы (включая кэшбэк)': 2}
2024-07-08 19:14:10,380 - src.views - DEBUG - Обработка транзакции с номером карты: *1234
2024-07-08 19:14:10,380 - src.views - DEBUG - Операция: {'Номер карты': None, 'Сумма операции': -150.0, 'Бонусы (включая кэшбэк)': 5}
2024-07-08 19:14:10,380 - src.views - WARNING - Пропущена операция без номера карты: {'Номер карты': None, 'Сумма операции': -150.0, 'Бонусы (включая кэшбэк)': 5}
2024-07-08 19:14:10,380 - src.views - DEBUG - Обработанные данные карт: [{'last_digits': '1234', 'total_spent': 150.0, 'cashback': 7.0}, {'last_digits': '5678', 'total_spent': 200.0, 'cashback': 10.0}]
2024-07-08 19:14:10,380 - src.views - INFO - Успешно! Результат - 1
2024-07-08 19:14:10,380 - src.views - INFO - Успешно! Результат - 0
2024-07-08 19:14:10,380 - src.views - INFO - Успешно! Результат - 2
2024-07-08 19:14:10,552 - src.views - INFO - Запуск главной страницы
2024-07-08 19:15:48,572 - src.views - DEBUG - Операция: {'Номер карты': '*1234', 'Сумма операции': -100.0, 'Бонусы (включая кэшбэк)': 5}
2024-07-08 19:15:48,572 - src.views - DEBUG - Обработка транзакции с номером карты: *1234
2024-07-08 19:15:48,572 - src.views - DEBUG - Операция: {'Номер карты': '*5678', 'Сумма операции': -200.0, 'Бонусы (включая кэшбэк)': 10}
2024-07-08 19:15:48,572 - src.views - DEBUG - Обработка транзакции с номером карты: *5678
2024-07-08 19:15:48,572 - src.views - DEBUG - Операция: {'Номер карты': '*1234', 'Сумма операции': -50.0, 'Бонусы (включая кэшбэк)': 2}
2024-07-08 19:15:48,572 - src.views - DEBUG - Обработка транзакции с номером карты: *1234
2024-07-08 19:15:48,572 - src.views - DEBUG - Операция: {'Номер карты': None, 'Сумма операции': -150.0, 'Бонусы (включая кэшбэк)': 5}
2024-07-08 19:15:48,572 - src.views - WARNING - Пропущена операция без номера карты: {'Номер карты': None, 'Сумма операции': -150.0, 'Бонусы (включая кэшбэк)': 5}
2024-07-08 19:15:48,572 - src.views - DEBUG - Обработанные данные карт: [{'last_digits': '1234', 'total_spent': 150.0, 'cashback': 7.0}, {'last_digits': '5678', 'total_spent': 200.0, 'cashback': 10.0}]
2024-07-08 19:15:48,572 - src.views - INFO - Успешно! Результат - 1
2024-07-08 19:15:48,572 - src.views - INFO - Успешно! Результат - 0
2024-07-08 19:15:48,572 - src.views - INFO - Успешно! Результат - 2
2024-07-08 19:15:48,729 - src.views - INFO - Запуск главной страницы
2024-07-08 19:19:43,516 - src.views - DEBUG - Операция: {'Номер карты': '*1234', 'Сумма операции': -100.0, 'Бонусы (включая кэшбэк)': 5}
2024-07-08 19:19:43,516 - src.views - DEBUG - Обработка транзакции с номером карты: *1234
2024-07-08 19:19:43,516 - src.views - DEBUG - Операция: {'Номер карты': '*5678', 'Сумма операции': -200.0, 'Бонусы (включая кэшбэк)': 10}
2024-07-08 19:19:43,516 - src.views - DEBUG - Обработка транзакции с номером карты: *5678
2024-07-08 19:19:43,516 - src.views - DEBUG - Операция: {'Номер карты': '*1234', 'Сумма операции': -50.0, 'Бонусы (включая кэшбэк)': 2}
2024-07-08 19:19:43,516 - src.views - DEBUG - Обработка транзакции с номером карты: *1234
2024-07-08 19:19:43,516 - src.views - DEBUG - Операция: {'Номер карты': None, 'Сумма операции': -150.0, 'Бонусы (включая кэшбэк)': 5}
2024-07-08 19:19:43,516 - src.views - WARNING - Пропущена операция без номера карты: {'Номер карты': None, 'Сумма операции': -150.0, 'Бонусы (включая кэшбэк)': 5}
2024-07-08 19:19:43,516 - src.views - DEBUG - Обработанные данные карт: [{'last_digits': '1234', 'total_spent': 150.0, 'cashback': 7.0}, {'last_digits': '5678', 'total_spent': 200.0, 'cashback': 10.0}]
2024-07-08 19:19:43,516 - src.views - INFO - Успешно! Результат - 1
2024-07-08 19:19:43,516 - src.views - INFO - Успешно! Результат - 0
2024-07-08 19:19:43,516 - src.views - INFO - Успешно! Результат - 2
2024-07-08 19:19:43,687 - src.views - INFO - Запуск главной страницы
2024-07-08 21:59:09,015 - src.views - DEBUG - Операция: {'Номер карты': '1234567890123456', 'Бонусы (включая кэшбэк)': 10, 'Сумма операции': -1000}
2024-07-08 21:59:09,015 - src.views - DEBUG - Обработка транзакции с номером карты: 1234567890123456
2024-07-08 21:59:09,015 - src.views - DEBUG - Операция: {'Номер карты': '1234567890123456', 'Бонусы (включая кэшбэк)': 5, 'Сумма операции': -500}
2024-07-08 21:59:09,015 - src.views - DEBUG - Обработка транзакции с номером карты: 1234567890123456
2024-07-08 21:59:09,015 - src.views - DEBUG - Операция: {'Номер карты': '1234567890123456', 'Сумма операции': -300}
2024-07-08 21:59:09,015 - src.views - DEBUG - Обработка транзакции с номером карты: 1234567890123456
2024-07-08 21:59:09,015 - src.views - DEBUG - Кэшбэк отсутствует для операции: {'Номер карты': '1234567890123456', 'Сумма операции': -300}
2024-07-08 21:59:09,015 - src.views - DEBUG - Операция: {'Номер карты': None, 'Сумма операции': -200}
2024-07-08 21:59:09,015 - src.views - WARNING - Пропущена операция без номера карты: {'Номер карты': None, 'Сумма операции': -200}
2024-07-08 21:59:09,015 - src.views - DEBUG - Обработанные данные карт: [{'last_digits': '3456', 'total_spent': 1800.0, 'cashback': 15.0}]
2024-07-08 21:59:09,015 - src.views - INFO - Успешно! Результат - 10
2024-07-08 21:59:09,124 - src.views - INFO - Запуск главной страницы
2024-07-08 21:59:09,124 - src.views - DEBUG - Обработанные данные карт: []
2024-07-08 22:09:23,043 - src.views - DEBUG - Операция: {'Номер карты': '1234567890123456', 'Бонусы (включая кэшбэк)': 10, 'Сумма операции': -1000}
2024-07-08 22:09:23,043 - src.views - DEBUG - Обработка транзакции с номером карты: 1234567890123456
2024-07-08 22:09:23,043 - src.views - DEBUG - Операция: {'Номер карты': '1234567890123456', 'Бонусы (включая кэшбэк)': 5, 'Сумма операции': -500}
2024-07-08 22:09:23,043 - src.views - DEBUG - Обработка транзакции с номером карты: 1234567890123456
2024-07-08 22:09:23,043 - src.views - DEBUG - Операция: {'Номер карты': '1234567890123456', 'Сумма операции': -300}
2024-07-08 22:09:23,043 - src.views - DEBUG - Обработка транзакции с номером карты: 1234567890123456
2024-07-08 22:09:23,043 - src.views - DEBUG - Кэшбэк отсутствует для операции: {'Номер карты': '1234567890123456', 'Сумма операции': -300}
2024-07-08 22:09:23,043 - src.views - DEBUG - Операция: {'Номер карты': None, 'Сумма операции': -200}
2024-07-08 22:09:23,043 - src.views - WARNING - Пропущена операция без номера карты: {'Номер карты': None, 'Сумма операции': -200}
2024-07-08 22:09:23,043 - src.views - DEBUG - Обработанные данные карт: [{'last_digits': '3456', 'total_spent': 1800.0, 'cashback': 15.0}]
2024-07-08 22:09:23,043 - src.views - INFO - Успешно! Результат - 10
2024-07-08 22:09:23,168 - src.views - INFO - Запуск главной страницы
2024-07-08 22:09:23,168 - src.views - DEBUG - Приветствие: Добро пожаловать!
2024-07-08 22:09:23,168 - src.views - DEBUG - Отфильтрованные транзакции: []
2024-07-08 22:09:23,168 - src.views - DEBUG - Обработанные данные карт: []
2024-07-08 22:09:23,168 - src.views - DEBUG - Данные карт: []
2024-07-08 22:09:23,168 - src.views - DEBUG - Результат JSON: {
  "greeting": "Добро пожаловать!",
  "cards": []
}
2024-07-08 22:11:08,805 - src.views - DEBUG - Операция: {'Номер карты': '1234567890123456', 'Бонусы (включая кэшбэк)': 10, 'Сумма операции': -1000}
2024-07-08 22:11:08,805 - src.views - DEBUG - Обработка транзакции с номером карты: 1234567890123456
2024-07-08 22:11:08,805 - src.views - DEBUG - Операция: {'Номер карты': '1234567890123456', 'Бонусы (включая кэшбэк)': 5, 'Сумма операции': -500}
2024-07-08 22:11:08,805 - src.views - DEBUG - Обработка транзакции с номером карты: 1234567890123456
2024-07-08 22:11:08,805 - src.views - DEBUG - Операция: {'Номер карты': '1234567890123456', 'Сумма операции': -300}
2024-07-08 22:11:08,805 - src.views - DEBUG - Обработка транзакции с номером карты: 1234567890123456
2024-07-08 22:11:08,805 - src.views - DEBUG - Кэшбэк отсутствует для операции: {'Номер карты': '1234567890123456', 'Сумма операции': -300}
2024-07-08 22:11:08,805 - src.views - DEBUG - Операция: {'Номер карты': None, 'Сумма операции': -200}
2024-07-08 22:11:08,805 - src.views - WARNING - Пропущена операция без номера карты: {'Номер карты': None, 'Сумма операции': -200}
2024-07-08 22:11:08,805 - src.views - DEBUG - Обработанные данные карт: [{'last_digits': '3456', 'total_spent': 1800.0, 'cashback': 15.0}]
2024-07-08 22:11:08,805 - src.views - INFO - Успешно! Результат - 10
2024-07-08 22:11:08,805 - src.views - DEBUG - Отфильтрованные транзакции: []
2024-07-08 22:11:08,820 - src.views - DEBUG - Отфильтрованные транзакции: []
2024-07-08 22:11:08,930 - src.views - INFO - Запуск главной страницы
2024-07-08 22:11:08,930 - src.views - DEBUG - Приветствие: Добро пожаловать!
2024-07-08 22:11:08,930 - src.views - DEBUG - Отфильтрованные транзакции: []
2024-07-08 22:11:08,930 - src.views - DEBUG - Отфильтрованные транзакции: []
2024-07-08 22:11:08,930 - src.views - DEBUG - Обработанные данные карт: []
2024-07-08 22:11:08,930 - src.views - DEBUG - Данные карт: []
2024-07-08 22:11:08,930 - src.views - DEBUG - Результат JSON: {
  "greeting": "Добро пожаловать!",
  "cards": []
}
2024-07-08 22:14:47,623 - src.views - DEBUG - Операция: {'Номер карты': '1234567890123456', 'Бонусы (включая кэшбэк)': 10, 'Сумма операции': -1000}
2024-07-08 22:14:47,623 - src.views - DEBUG - Обработка транзакции с номером карты: 1234567890123456
2024-07-08 22:14:47,623 - src.views - DEBUG - Операция: {'Номер карты': '1234567890123456', 'Бонусы (включая кэшбэк)': 5, 'Сумма операции': -500}
2024-07-08 22:14:47,623 - src.views - DEBUG - Обработка транзакции с номером карты: 1234567890123456
2024-07-08 22:14:47,623 - src.views - DEBUG - Операция: {'Номер карты': '1234567890123456', 'Сумма операции': -300}
2024-07-08 22:14:47,623 - src.views - DEBUG - Обработка транзакции с номером карты: 1234567890123456
2024-07-08 22:14:47,623 - src.views - DEBUG - Кэшбэк отсутствует для операции: {'Номер карты': '1234567890123456', 'Сумма операции': -300}
2024-07-08 22:14:47,623 - src.views - DEBUG - Операция: {'Номер карты': None, 'Сумма операции': -200}
2024-07-08 22:14:47,623 - src.views - WARNING - Пропущена операция без номера карты: {'Номер карты': None, 'Сумма операции': -200}
2024-07-08 22:14:47,623 - src.views - DEBUG - Обработанные данные карт: [{'last_digits': '3456', 'total_spent': 1800.0, 'cashback': 15.0}]
2024-07-08 22:14:47,623 - src.views - INFO - Успешно! Результат - 10
2024-07-08 22:14:47,623 - src.views - DEBUG - Отфильтрованные транзакции: []
2024-07-08 22:14:47,623 - src.views - DEBUG - Отфильтрованные транзакции: []
2024-07-08 22:14:47,733 - src.views - INFO - Запуск главной страницы
2024-07-08 22:14:47,733 - src.views - DEBUG - Приветствие: Добро пожаловать!
2024-07-08 22:14:47,733 - src.views - DEBUG - Отфильтрованные транзакции: []
2024-07-08 22:14:47,733 - src.views - DEBUG - Отфильтрованные транзакции: []
2024-07-08 22:14:47,733 - src.views - DEBUG - Обработанные данные карт: []
2024-07-08 22:14:47,733 - src.views - DEBUG - Данные карт: []
2024-07-08 22:14:47,733 - src.views - DEBUG - Результат JSON: {
  "greeting": "Добро пожаловать!",
  "cards": []
}
2024-07-08 22:19:37,493 - src.views - DEBUG - Операция: {'Номер карты': '1234567890123456', 'Бонусы (включая кэшбэк)': 10, 'Сумма операции': -1000}
2024-07-08 22:19:37,493 - src.views - DEBUG - Обработка транзакции с номером карты: 1234567890123456
2024-07-08 22:19:37,493 - src.views - DEBUG - Операция: {'Номер карты': '1234567890123456', 'Бонусы (включая кэшбэк)': 5, 'Сумма операции': -500}
2024-07-08 22:19:37,493 - src.views - DEBUG - Обработка транзакции с номером карты: 1234567890123456
2024-07-08 22:19:37,493 - src.views - DEBUG - Операция: {'Номер карты': '1234567890123456', 'Сумма операции': -300}
2024-07-08 22:19:37,493 - src.views - DEBUG - Обработка транзакции с номером карты: 1234567890123456
2024-07-08 22:19:37,493 - src.views - DEBUG - Кэшбэк отсутствует для операции: {'Номер карты': '1234567890123456', 'Сумма операции': -300}
2024-07-08 22:19:37,493 - src.views - DEBUG - Операция: {'Номер карты': None, 'Сумма операции': -200}
2024-07-08 22:19:37,493 - src.views - WARNING - Пропущена операция без номера карты: {'Номер карты': None, 'Сумма операции': -200}
2024-07-08 22:19:37,493 - src.views - DEBUG - Обработанные данные карт: [{'last_digits': '3456', 'total_spent': 1800.0, 'cashback': 15.0}]
2024-07-08 22:19:37,509 - src.views - INFO - Успешно! Результат - 10
2024-07-08 22:19:37,509 - src.views - DEBUG - Отфильтрованные транзакции: []
2024-07-08 22:19:37,509 - src.views - DEBUG - Отфильтрованные транзакции: []
2024-07-08 22:19:37,618 - src.views - INFO - Запуск главной страницы
2024-07-08 22:19:37,618 - src.views - DEBUG - Приветствие: Добро пожаловать!
2024-07-08 22:19:37,618 - src.views - DEBUG - Отфильтрованные транзакции: []
2024-07-08 22:19:37,618 - src.views - DEBUG - Отфильтрованные транзакции: []
2024-07-08 22:19:37,618 - src.views - DEBUG - Обработанные данные карт: []
2024-07-08 22:19:37,618 - src.views - DEBUG - Данные карт: []
2024-07-08 22:19:37,618 - src.views - DEBUG - Результат JSON: {
  "greeting": "Добро пожаловать!",
  "cards": []
}
2024-07-08 22:23:11,264 - src.views - DEBUG - Операция: {'Номер карты': '1234567890123456', 'Бонусы (включая кэшбэк)': 10, 'Сумма операции': -1000}
2024-07-08 22:23:11,264 - src.views - DEBUG - Обработка транзакции с номером карты: 1234567890123456
2024-07-08 22:23:11,264 - src.views - DEBUG - Операция: {'Номер карты': '1234567890123456', 'Бонусы (включая кэшбэк)': 5, 'Сумма операции': -500}
2024-07-08 22:23:11,264 - src.views - DEBUG - Обработка транзакции с номером карты: 1234567890123456
2024-07-08 22:23:11,264 - src.views - DEBUG - Операция: {'Номер карты': '1234567890123456', 'Сумма операции': -300}
2024-07-08 22:23:11,264 - src.views - DEBUG - Обработка транзакции с номером карты: 1234567890123456
2024-07-08 22:23:11,264 - src.views - DEBUG - Кэшбэк отсутствует для операции: {'Номер карты': '1234567890123456', 'Сумма операции': -300}
2024-07-08 22:23:11,264 - src.views - DEBUG - Операция: {'Номер карты': None, 'Сумма операции': -200}
2024-07-08 22:23:11,264 - src.views - WARNING - Пропущена операция без номера карты: {'Номер карты': None, 'Сумма операции': -200}
2024-07-08 22:23:11,264 - src.views - DEBUG - Обработанные данные карт: [{'last_digits': '3456', 'total_spent': 1800.0, 'cashback': 15.0}]
2024-07-08 22:23:11,264 - src.views - INFO - Успешно! Результат - 10
2024-07-08 22:23:11,279 - src.views - WARNING - Отсутствует дата операции в транзакции: {'Номер карты': '1234567890123456', 'Бонусы (включая кэшбэк)': 10, 'Сумма операции': -1000}
2024-07-08 22:23:11,279 - src.views - WARNING - Отсутствует дата операции в транзакции: {'Номер карты': '1234567890123456', 'Бонусы (включая кэшбэк)': 5, 'Сумма операции': -500}
2024-07-08 22:23:11,279 - src.views - WARNING - Отсутствует дата операции в транзакции: {'Номер карты': '1234567890123456', 'Сумма операции': -300}
2024-07-08 22:23:11,279 - src.views - WARNING - Отсутствует дата операции в транзакции: {'Номер карты': None, 'Сумма операции': -200}
2024-07-08 22:23:11,279 - src.views - DEBUG - Отфильтрованные транзакции: []
2024-07-08 22:23:11,279 - src.views - WARNING - Отсутствует дата операции в транзакции: {'Номер карты': '1234567890123456', 'Бонусы (включая кэшбэк)': 10, 'Сумма операции': -1000}
2024-07-08 22:23:11,279 - src.views - WARNING - Отсутствует дата операции в транзакции: {'Номер карты': '1234567890123456', 'Бонусы (включая кэшбэк)': 5, 'Сумма операции': -500}
2024-07-08 22:23:11,279 - src.views - WARNING - Отсутствует дата операции в транзакции: {'Номер карты': '1234567890123456', 'Сумма операции': -300}
2024-07-08 22:23:11,279 - src.views - WARNING - Отсутствует дата операции в транзакции: {'Номер карты': None, 'Сумма операции': -200}
2024-07-08 22:23:11,279 - src.views - DEBUG - Отфильтрованные транзакции: []
2024-07-08 22:23:11,389 - src.views - INFO - Запуск главной страницы
2024-07-08 22:23:11,389 - src.views - DEBUG - Приветствие: Добро пожаловать!
2024-07-08 22:23:11,389 - src.views - WARNING - Отсутствует дата операции в транзакции: {'Номер карты': '1234567890123456', 'Бонусы (включая кэшбэк)': 10, 'Сумма операции': -1000}
2024-07-08 22:23:11,389 - src.views - WARNING - Отсутствует дата операции в транзакции: {'Номер карты': '1234567890123456', 'Бонусы (включая кэшбэк)': 5, 'Сумма операции': -500}
2024-07-08 22:23:11,389 - src.views - WARNING - Отсутствует дата операции в транзакции: {'Номер карты': '1234567890123456', 'Сумма операции': -300}
2024-07-08 22:23:11,389 - src.views - WARNING - Отсутствует дата операции в транзакции: {'Номер карты': None, 'Сумма операции': -200}
2024-07-08 22:23:11,389 - src.views - DEBUG - Отфильтрованные транзакции: []
2024-07-08 22:23:11,389 - src.views - DEBUG - Отфильтрованные транзакции: []
2024-07-08 22:23:11,389 - src.views - DEBUG - Обработанные данные карт: []
2024-07-08 22:23:11,389 - src.views - DEBUG - Данные карт: []
2024-07-08 22:23:11,389 - src.views - DEBUG - Результат JSON: {
  "greeting": "Добро пожаловать!",
  "cards": []
}
2024-07-08 22:40:37,283 - src.views - DEBUG - Операция: {'Номер карты': '1234567890123456', 'Бонусы (включая кэшбэк)': 10, 'Сумма операции': -1000}
2024-07-08 22:40:37,283 - src.views - DEBUG - Обработка транзакции с номером карты: 1234567890123456
2024-07-08 22:40:37,283 - src.views - DEBUG - Операция: {'Номер карты': '1234567890123456', 'Бонусы (включая кэшбэк)': 5, 'Сумма операции': -500}
2024-07-08 22:40:37,283 - src.views - DEBUG - Обработка транзакции с номером карты: 1234567890123456
2024-07-08 22:40:37,283 - src.views - DEBUG - Операция: {'Номер карты': '1234567890123456', 'Сумма операции': -300}
2024-07-08 22:40:37,283 - src.views - DEBUG - Обработка транзакции с номером карты: 1234567890123456
2024-07-08 22:40:37,283 - src.views - DEBUG - Кэшбэк отсутствует для операции: {'Номер карты': '1234567890123456', 'Сумма операции': -300}
2024-07-08 22:40:37,284 - src.views - DEBUG - Операция: {'Номер карты': None, 'Сумма операции': -200}
2024-07-08 22:40:37,284 - src.views - WARNING - Пропущена операция без номера карты: {'Номер карты': None, 'Сумма операции': -200}
2024-07-08 22:40:37,284 - src.views - DEBUG - Обработанные данные карт: [{'last_digits': '3456', 'total_spent': 1800.0, 'cashback': 15.0}]
2024-07-08 22:40:37,285 - src.views - INFO - Успешно! Результат - 10
2024-07-08 22:40:37,287 - src.views - WARNING - Отсутствует дата операции в транзакции: {'Номер карты': '1234567890123456', 'Бонусы (включая кэшбэк)': 10, 'Сумма операции': -1000}
2024-07-08 22:40:37,287 - src.views - WARNING - Отсутствует дата операции в транзакции: {'Номер карты': '1234567890123456', 'Бонусы (включая кэшбэк)': 5, 'Сумма операции': -500}
2024-07-08 22:40:37,287 - src.views - WARNING - Отсутствует дата операции в транзакции: {'Номер карты': '1234567890123456', 'Сумма операции': -300}
2024-07-08 22:40:37,287 - src.views - WARNING - Отсутствует дата операции в транзакции: {'Номер карты': None, 'Сумма операции': -200}
2024-07-08 22:40:37,287 - src.views - DEBUG - Отфильтрованные транзакции: []
2024-07-08 22:40:37,289 - src.views - WARNING - Отсутствует дата операции в транзакции: {'Номер карты': '1234567890123456', 'Бонусы (включая кэшбэк)': 10, 'Сумма операции': -1000}
2024-07-08 22:40:37,289 - src.views - WARNING - Отсутствует дата операции в транзакции: {'Номер карты': '1234567890123456', 'Бонусы (включая кэшбэк)': 5, 'Сумма операции': -500}
2024-07-08 22:40:37,290 - src.views - WARNING - Отсутствует дата операции в транзакции: {'Номер карты': '1234567890123456', 'Сумма операции': -300}
2024-07-08 22:40:37,290 - src.views - WARNING - Отсутствует дата операции в транзакции: {'Номер карты': None, 'Сумма операции': -200}
2024-07-08 22:40:37,290 - src.views - DEBUG - Отфильтрованные транзакции: []
2024-07-08 22:40:37,390 - src.views - INFO - Запуск главной страницы
2024-07-08 22:40:37,390 - src.views - DEBUG - Приветствие: Добро пожаловать!
2024-07-08 22:40:37,391 - src.views - WARNING - Отсутствует дата операции в транзакции: {'Номер карты': '1234567890123456', 'Бонусы (включая кэшбэк)': 10, 'Сумма операции': -1000}
2024-07-08 22:40:37,391 - src.views - WARNING - Отсутствует дата операции в транзакции: {'Номер карты': '1234567890123456', 'Бонусы (включая кэшбэк)': 5, 'Сумма операции': -500}
2024-07-08 22:40:37,391 - src.views - WARNING - Отсутствует дата операции в транзакции: {'Номер карты': '1234567890123456', 'Сумма операции': -300}
2024-07-08 22:40:37,391 - src.views - WARNING - Отсутствует дата операции в транзакции: {'Номер карты': None, 'Сумма операции': -200}
2024-07-08 22:40:37,391 - src.views - DEBUG - Отфильтрованные транзакции: []
2024-07-08 22:40:37,391 - src.views - DEBUG - Отфильтрованные транзакции: []
2024-07-08 22:40:37,391 - src.views - DEBUG - Обработанные данные карт: []
2024-07-08 22:40:37,391 - src.views - DEBUG - Данные карт: []
2024-07-08 22:40:37,392 - src.views - DEBUG - Результат JSON: {
  "greeting": "Добро пожаловать!",
  "cards": []
}
2024-07-08 22:41:20,420 - src.views - DEBUG - Операция: {'Номер карты': '1234567890123456', 'Бонусы (включая кэшбэк)': 10, 'Сумма операции': -1000}
2024-07-08 22:41:20,420 - src.views - DEBUG - Обработка транзакции с номером карты: 1234567890123456
2024-07-08 22:41:20,420 - src.views - DEBUG - Операция: {'Номер карты': '1234567890123456', 'Бонусы (включая кэшбэк)': 5, 'Сумма операции': -500}
2024-07-08 22:41:20,420 - src.views - DEBUG - Обработка транзакции с номером карты: 1234567890123456
2024-07-08 22:41:20,420 - src.views - DEBUG - Операция: {'Номер карты': '1234567890123456', 'Сумма операции': -300}
2024-07-08 22:41:20,420 - src.views - DEBUG - Обработка транзакции с номером карты: 1234567890123456
2024-07-08 22:41:20,420 - src.views - DEBUG - Кэшбэк отсутствует для операции: {'Номер карты': '1234567890123456', 'Сумма операции': -300}
2024-07-08 22:41:20,420 - src.views - DEBUG - Операция: {'Номер карты': None, 'Сумма операции': -200}
2024-07-08 22:41:20,420 - src.views - WARNING - Пропущена операция без номера карты: {'Номер карты': None, 'Сумма операции': -200}
2024-07-08 22:41:20,420 - src.views - DEBUG - Обработанные данные карт: [{'last_digits': '3456', 'total_spent': 1800.0, 'cashback': 15.0}]
2024-07-08 22:41:20,420 - src.views - INFO - Успешно! Результат - 10
2024-07-08 22:41:20,435 - src.views - INFO - Запуск главной страницы
2024-07-08 22:41:20,435 - src.views - DEBUG - Приветствие: Добро пожаловать!
2024-07-08 22:41:20,435 - src.views - WARNING - Отсутствует дата операции в транзакции: {'Номер карты': '1234567890123456', 'Бонусы (включая кэшбэк)': 10, 'Сумма операции': -1000}
2024-07-08 22:41:20,435 - src.views - WARNING - Отсутствует дата операции в транзакции: {'Номер карты': '1234567890123456', 'Бонусы (включая кэшбэк)': 5, 'Сумма операции': -500}
2024-07-08 22:41:20,435 - src.views - WARNING - Отсутствует дата операции в транзакции: {'Номер карты': '1234567890123456', 'Сумма операции': -300}
2024-07-08 22:41:20,435 - src.views - WARNING - Отсутствует дата операции в транзакции: {'Номер карты': None, 'Сумма операции': -200}
2024-07-08 22:41:20,435 - src.views - DEBUG - Отфильтрованные транзакции: []
2024-07-08 22:41:20,435 - src.views - DEBUG - Отфильтрованные транзакции: []
2024-07-08 22:41:20,435 - src.views - DEBUG - Обработанные данные карт: []
2024-07-08 22:41:20,435 - src.views - DEBUG - Данные карт: []
2024-07-08 22:41:20,435 - src.views - DEBUG - Результат JSON: {
  "greeting": "Добро пожаловать!",
  "cards": []
}
2024-07-08 22:41:55,345 - src.views - DEBUG - Операция: {'Номер карты': '1234567890123456', 'Бонусы (включая кэшбэк)': 10, 'Сумма операции': -1000}
2024-07-08 22:41:55,345 - src.views - DEBUG - Обработка транзакции с номером карты: 1234567890123456
2024-07-08 22:41:55,345 - src.views - DEBUG - Операция: {'Номер карты': '1234567890123456', 'Бонусы (включая кэшбэк)': 5, 'Сумма операции': -500}
2024-07-08 22:41:55,345 - src.views - DEBUG - Обработка транзакции с номером карты: 1234567890123456
2024-07-08 22:41:55,345 - src.views - DEBUG - Операция: {'Номер карты': '1234567890123456', 'Сумма операции': -300}
2024-07-08 22:41:55,345 - src.views - DEBUG - Обработка транзакции с номером карты: 1234567890123456
2024-07-08 22:41:55,345 - src.views - DEBUG - Кэшбэк отсутствует для операции: {'Номер карты': '1234567890123456', 'Сумма операции': -300}
2024-07-08 22:41:55,345 - src.views - DEBUG - Операция: {'Номер карты': None, 'Сумма операции': -200}
2024-07-08 22:41:55,345 - src.views - WARNING - Пропущена операция без номера карты: {'Номер карты': None, 'Сумма операции': -200}
2024-07-08 22:41:55,345 - src.views - DEBUG - Обработанные данные карт: [{'last_digits': '3456', 'total_spent': 1800.0, 'cashback': 15.0}]
2024-07-08 22:41:55,345 - src.views - INFO - Успешно! Результат - 10
2024-07-08 22:41:55,345 - src.views - INFO - Запуск главной страницы
2024-07-08 22:41:55,345 - src.views - DEBUG - Приветствие: Добро пожаловать!
2024-07-08 22:41:55,345 - src.views - WARNING - Отсутствует дата операции в транзакции: {'Номер карты': '1234567890123456', 'Бонусы (включая кэшбэк)': 10, 'Сумма операции': -1000}
2024-07-08 22:41:55,345 - src.views - WARNING - Отсутствует дата операции в транзакции: {'Номер карты': '1234567890123456', 'Бонусы (включая кэшбэк)': 5, 'Сумма операции': -500}
2024-07-08 22:41:55,345 - src.views - WARNING - Отсутствует дата операции в транзакции: {'Номер карты': '1234567890123456', 'Сумма операции': -300}
2024-07-08 22:41:55,345 - src.views - WARNING - Отсутствует дата операции в транзакции: {'Номер карты': None, 'Сумма операции': -200}
2024-07-08 22:41:55,345 - src.views - DEBUG - Отфильтрованные транзакции: []
2024-07-08 22:41:55,345 - src.views - DEBUG - Отфильтрованные транзакции: []
2024-07-08 22:41:55,345 - src.views - DEBUG - Обработанные данные карт: []
2024-07-08 22:41:55,345 - src.views - DEBUG - Данные карт: []
2024-07-08 22:41:55,359 - src.views - DEBUG - Результат JSON: {
  "greeting": "Добро пожаловать!",
  "cards": []
}
2024-07-08 22:42:09,031 - src.views - DEBUG - Операция: {'Номер карты': '1234567890123456', 'Бонусы (включая кэшбэк)': 10, 'Сумма операции': -1000}
2024-07-08 22:42:09,031 - src.views - DEBUG - Обработка транзакции с номером карты: 1234567890123456
2024-07-08 22:42:09,031 - src.views - DEBUG - Операция: {'Номер карты': '1234567890123456', 'Бонусы (включая кэшбэк)': 5, 'Сумма операции': -500}
2024-07-08 22:42:09,031 - src.views - DEBUG - Обработка транзакции с номером карты: 1234567890123456
2024-07-08 22:42:09,031 - src.views - DEBUG - Операция: {'Номер карты': '1234567890123456', 'Сумма операции': -300}
2024-07-08 22:42:09,031 - src.views - DEBUG - Обработка транзакции с номером карты: 1234567890123456
2024-07-08 22:42:09,031 - src.views - DEBUG - Кэшбэк отсутствует для операции: {'Номер карты': '1234567890123456', 'Сумма операции': -300}
2024-07-08 22:42:09,031 - src.views - DEBUG - Операция: {'Номер карты': None, 'Сумма операции': -200}
2024-07-08 22:42:09,031 - src.views - WARNING - Пропущена операция без номера карты: {'Номер карты': None, 'Сумма операции': -200}
2024-07-08 22:42:09,031 - src.views - DEBUG - Обработанные данные карт: [{'last_digits': '3456', 'total_spent': 1800.0, 'cashback': 15.0}]
2024-07-08 22:42:09,031 - src.views - INFO - Успешно! Результат - 10
2024-07-08 22:44:39,783 - src.views - DEBUG - Операция: {'Номер карты': '1234567890123456', 'Бонусы (включая кэшбэк)': 10, 'Сумма операции': -1000}
2024-07-08 22:44:39,783 - src.views - DEBUG - Обработка транзакции с номером карты: 1234567890123456
2024-07-08 22:44:39,783 - src.views - DEBUG - Операция: {'Номер карты': '1234567890123456', 'Бонусы (включая кэшбэк)': 5, 'Сумма операции': -500}
2024-07-08 22:44:39,783 - src.views - DEBUG - Обработка транзакции с номером карты: 1234567890123456
2024-07-08 22:44:39,783 - src.views - DEBUG - Операция: {'Номер карты': '1234567890123456', 'Сумма операции': -300}
2024-07-08 22:44:39,783 - src.views - DEBUG - Обработка транзакции с номером карты: 1234567890123456
2024-07-08 22:44:39,783 - src.views - DEBUG - Кэшбэк отсутствует для операции: {'Номер карты': '1234567890123456', 'Сумма операции': -300}
2024-07-08 22:44:39,783 - src.views - DEBUG - Операция: {'Номер карты': None, 'Сумма операции': -200}
2024-07-08 22:44:39,783 - src.views - WARNING - Пропущена операция без номера карты: {'Номер карты': None, 'Сумма операции': -200}
2024-07-08 22:44:39,783 - src.views - DEBUG - Обработанные данные карт: [{'last_digits': '3456', 'total_spent': 1800.0, 'cashback': 15.0}]
2024-07-08 22:44:39,783 - src.views - INFO - Успешно! Результат - 10
2024-07-08 22:44:50,116 - src.views - DEBUG - Операция: {'Номер карты': '1234567890123456', 'Бонусы (включая кэшбэк)': 10, 'Сумма операции': -1000}
2024-07-08 22:44:50,116 - src.views - DEBUG - Обработка транзакции с номером карты: 1234567890123456
2024-07-08 22:44:50,116 - src.views - DEBUG - Операция: {'Номер карты': '1234567890123456', 'Бонусы (включая кэшбэк)': 5, 'Сумма операции': -500}
2024-07-08 22:44:50,116 - src.views - DEBUG - Обработка транзакции с номером карты: 1234567890123456
2024-07-08 22:44:50,116 - src.views - DEBUG - Операция: {'Номер карты': '1234567890123456', 'Сумма операции': -300}
2024-07-08 22:44:50,116 - src.views - DEBUG - Обработка транзакции с номером карты: 1234567890123456
2024-07-08 22:44:50,116 - src.views - DEBUG - Кэшбэк отсутствует для операции: {'Номер карты': '1234567890123456', 'Сумма операции': -300}
2024-07-08 22:44:50,116 - src.views - DEBUG - Операция: {'Номер карты': None, 'Сумма операции': -200}
2024-07-08 22:44:50,116 - src.views - WARNING - Пропущена операция без номера карты: {'Номер карты': None, 'Сумма операции': -200}
2024-07-08 22:44:50,116 - src.views - DEBUG - Обработанные данные карт: [{'last_digits': '3456', 'total_spent': 1800.0, 'cashback': 15.0}]
2024-07-08 22:44:50,116 - src.views - INFO - Успешно! Результат - 10
2024-07-08 22:46:37,138 - src.views - DEBUG - Операция: {'Номер карты': '1234567890123456', 'Бонусы (включая кэшбэк)': 10, 'Сумма операции': -1000}
2024-07-08 22:46:37,138 - src.views - DEBUG - Обработка транзакции с номером карты: 1234567890123456
2024-07-08 22:46:37,138 - src.views - DEBUG - Операция: {'Номер карты': '1234567890123456', 'Бонусы (включая кэшбэк)': 5, 'Сумма операции': -500}
2024-07-08 22:46:37,138 - src.views - DEBUG - Обработка транзакции с номером карты: 1234567890123456
2024-07-08 22:46:37,138 - src.views - DEBUG - Операция: {'Номер карты': '1234567890123456', 'Сумма операции': -300}
2024-07-08 22:46:37,138 - src.views - DEBUG - Обработка транзакции с номером карты: 1234567890123456
2024-07-08 22:46:37,138 - src.views - DEBUG - Кэшбэк отсутствует для операции: {'Номер карты': '1234567890123456', 'Сумма операции': -300}
2024-07-08 22:46:37,138 - src.views - DEBUG - Операция: {'Номер карты': None, 'Сумма операции': -200}
2024-07-08 22:46:37,138 - src.views - WARNING - Пропущена операция без номера карты: {'Номер карты': None, 'Сумма операции': -200}
2024-07-08 22:46:37,138 - src.views - DEBUG - Обработанные данные карт: [{'last_digits': '3456', 'total_spent': 1800.0, 'cashback': 15.0}]
2024-07-08 22:46:37,138 - src.views - INFO - Успешно! Результат - 10
2024-07-08 23:41:07,638 - src.views - DEBUG - Операция: {'Номер карты': '1234567890123456', 'Бонусы (включая кэшбэк)': 10, 'Сумма операции': -1000}
2024-07-08 23:41:07,638 - src.views - DEBUG - Обработка транзакции с номером карты: 1234567890123456
2024-07-08 23:41:07,638 - src.views - DEBUG - Операция: {'Номер карты': '1234567890123456', 'Бонусы (включая кэшбэк)': 5, 'Сумма операции': -500}
2024-07-08 23:41:07,638 - src.views - DEBUG - Обработка транзакции с номером карты: 1234567890123456
2024-07-08 23:41:07,638 - src.views - DEBUG - Операция: {'Номер карты': '1234567890123456', 'Сумма операции': -300}
2024-07-08 23:41:07,638 - src.views - DEBUG - Обработка транзакции с номером карты: 1234567890123456
2024-07-08 23:41:07,638 - src.views - DEBUG - Кэшбэк отсутствует для операции: {'Номер карты': '1234567890123456', 'Сумма операции': -300}
2024-07-08 23:41:07,638 - src.views - DEBUG - Операция: {'Номер карты': None, 'Сумма операции': -200}
2024-07-08 23:41:07,638 - src.views - WARNING - Пропущена операция без номера карты: {'Номер карты': None, 'Сумма операции': -200}
2024-07-08 23:41:07,638 - src.views - DEBUG - Обработанные данные карт: [{'last_digits': '3456', 'total_spent': 1800.0, 'cashback': 15.0}]
2024-07-08 23:41:07,638 - src.views - INFO - Успешно! Результат - 10
2024-07-08 23:41:29,345 - src.views - DEBUG - Операция: {'Номер карты': '1234567890123456', 'Бонусы (включая кэшбэк)': 10, 'Сумма операции': -1000}
2024-07-08 23:41:29,345 - src.views - DEBUG - Обработка транзакции с номером карты: 1234567890123456
2024-07-08 23:41:29,345 - src.views - DEBUG - Операция: {'Номер карты': '1234567890123456', 'Бонусы (включая кэшбэк)': 5, 'Сумма операции': -500}
2024-07-08 23:41:29,345 - src.views - DEBUG - Обработка транзакции с номером карты: 1234567890123456
2024-07-08 23:41:29,345 - src.views - DEBUG - Операция: {'Номер карты': '1234567890123456', 'Сумма операции': -300}
2024-07-08 23:41:29,345 - src.views - DEBUG - Обработка транзакции с номером карты: 1234567890123456
2024-07-08 23:41:29,345 - src.views - DEBUG - Кэшбэк отсутствует для операции: {'Номер карты': '1234567890123456', 'Сумма операции': -300}
2024-07-08 23:41:29,345 - src.views - DEBUG - Операция: {'Номер карты': None, 'Сумма операции': -200}
2024-07-08 23:41:29,345 - src.views - WARNING - Пропущена операция без номера карты: {'Номер карты': None, 'Сумма операции': -200}
2024-07-08 23:41:29,345 - src.views - DEBUG - Обработанные данные карт: [{'last_digits': '3456', 'total_spent': 1800.0, 'cashback': 15.0}]
2024-07-08 23:41:29,345 - src.views - INFO - Успешно! Результат - 10
2024-07-08 23:46:43,021 - src.views - DEBUG - Операция: {'Номер карты': '1234567890123456', 'Бонусы (включая кэшбэк)': 10, 'Сумма операции': -1000}
2024-07-08 23:46:43,021 - src.views - DEBUG - Обработка транзакции с номером карты: 1234567890123456
2024-07-08 23:46:43,021 - src.views - DEBUG - Операция: {'Номер карты': '1234567890123456', 'Бонусы (включая кэшбэк)': 5, 'Сумма операции': -500}
2024-07-08 23:46:43,021 - src.views - DEBUG - Обработка транзакции с номером карты: 1234567890123456
2024-07-08 23:46:43,021 - src.views - DEBUG - Операция: {'Номер карты': '1234567890123456', 'Сумма операции': -300}
2024-07-08 23:46:43,021 - src.views - DEBUG - Обработка транзакции с номером карты: 1234567890123456
2024-07-08 23:46:43,021 - src.views - DEBUG - Кэшбэк отсутствует для операции: {'Номер карты': '1234567890123456', 'Сумма операции': -300}
2024-07-08 23:46:43,021 - src.views - DEBUG - Операция: {'Номер карты': None, 'Сумма операции': -200}
2024-07-08 23:46:43,021 - src.views - WARNING - Пропущена операция без номера карты: {'Номер карты': None, 'Сумма операции': -200}
2024-07-08 23:46:43,021 - src.views - DEBUG - Обработанные данные карт: [{'last_digits': '3456', 'total_spent': 1800.0, 'cashback': 15.0}]
2024-07-08 23:46:43,021 - src.views - INFO - Успешно! Результат - 10.0
2024-07-08 23:46:43,021 - src.views - INFO - Успешно! Результат - 5.0
2024-07-08 23:46:43,021 - src.views - INFO - Успешно! Результат - 1.0
2024-07-08 23:46:43,021 - src.views - INFO - Успешно! Результат - 0.0
2024-07-08 23:46:43,021 - src.views - INFO - Успешно! Результат - -1.0
2024-07-08 23:46:43,115 - src.views - INFO - Успешно! Результат - 10
2024-07-08 23:48:27,494 - src.views - DEBUG - Операция: {'Номер карты': '1234567890123456', 'Бонусы (включая кэшбэк)': 10, 'Сумма операции': -1000}
2024-07-08 23:48:27,494 - src.views - DEBUG - Обработка транзакции с номером карты: 1234567890123456
2024-07-08 23:48:27,494 - src.views - DEBUG - Операция: {'Номер карты': '1234567890123456', 'Бонусы (включая кэшбэк)': 5, 'Сумма операции': -500}
2024-07-08 23:48:27,494 - src.views - DEBUG - Обработка транзакции с номером карты: 1234567890123456
2024-07-08 23:48:27,494 - src.views - DEBUG - Операция: {'Номер карты': '1234567890123456', 'Сумма операции': -300}
2024-07-08 23:48:27,494 - src.views - DEBUG - Обработка транзакции с номером карты: 1234567890123456
2024-07-08 23:48:27,494 - src.views - DEBUG - Кэшбэк отсутствует для операции: {'Номер карты': '1234567890123456', 'Сумма операции': -300}
2024-07-08 23:48:27,494 - src.views - DEBUG - Операция: {'Номер карты': None, 'Сумма операции': -200}
2024-07-08 23:48:27,494 - src.views - WARNING - Пропущена операция без номера карты: {'Номер карты': None, 'Сумма операции': -200}
2024-07-08 23:48:27,494 - src.views - DEBUG - Обработанные данные карт: [{'last_digits': '3456', 'total_spent': 1800.0, 'cashback': 15.0}]
2024-07-08 23:48:27,494 - src.views - INFO - Успешно! Результат - 10.0
2024-07-08 23:48:27,494 - src.views - INFO - Успешно! Результат - 5.0
2024-07-08 23:48:27,494 - src.views - INFO - Успешно! Результат - 1.0
2024-07-08 23:48:27,494 - src.views - INFO - Успешно! Результат - 0.0
2024-07-08 23:48:27,494 - src.views - INFO - Отрицательная сумма трат, кэшбэк установлен в 0
2024-07-08 23:48:27,494 - src.views - INFO - Успешно! Результат - 10
2024-07-08 23:53:45,494 - src.views - DEBUG - Операция: {'Номер карты': '1234567890123456', 'Бонусы (включая кэшбэк)': 10, 'Сумма операции': -1000}
2024-07-08 23:53:45,494 - src.views - DEBUG - Обработка транзакции с номером карты: 1234567890123456
2024-07-08 23:53:45,494 - src.views - DEBUG - Операция: {'Номер карты': '1234567890123456', 'Бонусы (включая кэшбэк)': 5, 'Сумма операции': -500}
2024-07-08 23:53:45,494 - src.views - DEBUG - Обработка транзакции с номером карты: 1234567890123456
2024-07-08 23:53:45,494 - src.views - DEBUG - Операция: {'Номер карты': '1234567890123456', 'Сумма операции': -300}
2024-07-08 23:53:45,494 - src.views - DEBUG - Обработка транзакции с номером карты: 1234567890123456
2024-07-08 23:53:45,494 - src.views - DEBUG - Кэшбэк отсутствует для операции: {'Номер карты': '1234567890123456', 'Сумма операции': -300}
2024-07-08 23:53:45,494 - src.views - DEBUG - Операция: {'Номер карты': None, 'Сумма операции': -200}
2024-07-08 23:53:45,494 - src.views - WARNING - Пропущена операция без номера карты: {'Номер карты': None, 'Сумма операции': -200}
2024-07-08 23:53:45,494 - src.views - DEBUG - Обработанные данные карт: [{'last_digits': '3456', 'total_spent': 1800.0, 'cashback': 15.0}]
2024-07-08 23:53:45,494 - src.views - INFO - Успешно! Результат - 10.0
2024-07-08 23:53:45,494 - src.views - INFO - Успешно! Результат - 5.0
2024-07-08 23:53:45,494 - src.views - INFO - Успешно! Результат - 1.0
2024-07-08 23:53:45,494 - src.views - INFO - Успешно! Результат - 0.0
2024-07-08 23:53:45,494 - src.views - INFO - Отрицательная сумма трат, кэшбэк установлен в 0
2024-07-08 23:53:45,509 - src.views - INFO - Успешно! Результат - 10
2024-07-08 23:58:00,395 - src.views - DEBUG - Операция: {'Номер карты': '1234567890123456', 'Бонусы (включая кэшбэк)': 10, 'Сумма операции': -1000}
2024-07-08 23:58:00,395 - src.views - DEBUG - Обработка транзакции с номером карты: 1234567890123456
2024-07-08 23:58:00,395 - src.views - DEBUG - Операция: {'Номер карты': '1234567890123456', 'Бонусы (включая кэшбэк)': 5, 'Сумма операции': -500}
2024-07-08 23:58:00,395 - src.views - DEBUG - Обработка транзакции с номером карты: 1234567890123456
2024-07-08 23:58:00,395 - src.views - DEBUG - Операция: {'Номер карты': '1234567890123456', 'Сумма операции': -300}
2024-07-08 23:58:00,395 - src.views - DEBUG - Обработка транзакции с номером карты: 1234567890123456
2024-07-08 23:58:00,395 - src.views - DEBUG - Кэшбэк отсутствует для операции: {'Номер карты': '1234567890123456', 'Сумма операции': -300}
2024-07-08 23:58:00,395 - src.views - DEBUG - Операция: {'Номер карты': None, 'Сумма операции': -200}
2024-07-08 23:58:00,395 - src.views - WARNING - Пропущена операция без номера карты: {'Номер карты': None, 'Сумма операции': -200}
2024-07-08 23:58:00,395 - src.views - DEBUG - Обработанные данные карт: [{'last_digits': '3456', 'total_spent': 1800.0, 'cashback': 15.0}]
2024-07-08 23:58:00,395 - src.views - INFO - Успешно! Результат - 10.0
2024-07-08 23:58:00,395 - src.views - INFO - Успешно! Результат - 5.0
2024-07-08 23:58:00,395 - src.views - INFO - Успешно! Результат - 1.0
2024-07-08 23:58:00,395 - src.views - INFO - Успешно! Результат - 0.0
2024-07-08 23:58:00,406 - src.views - INFO - Отрицательная сумма трат, кэшбэк установлен в 0
2024-07-08 23:58:00,406 - src.views - INFO - Успешно! Результат - 10
2024-07-08 23:58:00,406 - src.views - INFO - Успешно! Результат - 10
2024-07-08 23:58:00,406 - src.views - INFO - Успешно! Результат - 19
2024-07-08 23:58:00,406 - src.views - INFO - Успешно! Результат - 0
2024-07-08 23:58:00,406 - src.views - INFO - Успешно! Результат - -10
2024-07-08 23:58:00,406 - src.views - INFO - Успешно! Результат - 9
2024-07-08 23:58:00,406 - src.views - INFO - Успешно! Результат - 1
2024-07-08 23:58:00,406 - src.views - INFO - Успешно! Результат - 5
2024-07-08 23:58:00,421 - src.views - INFO - Успешно! Результат - 10
2024-07-08 23:58:00,421 - src.views - INFO - Успешно! Результат - 0
2024-07-08 23:58:00,421 - src.views - INFO - Успешно! Результат - -1
2024-07-08 23:58:00,421 - src.views - INFO - Успешно! Результат - 9
2024-07-08 23:58:00,421 - src.views - INFO - Успешно! Результат - 10
2024-07-08 23:58:00,421 - src.views - INFO - Успешно! Результат - 10
2024-07-09 00:00:25,150 - src.views - DEBUG - Операция: {'Номер карты': '1234567890123456', 'Бонусы (включая кэшбэк)': 10, 'Сумма операции': -1000}
2024-07-09 00:00:25,150 - src.views - DEBUG - Обработка транзакции с номером карты: 1234567890123456
2024-07-09 00:00:25,150 - src.views - DEBUG - Операция: {'Номер карты': '1234567890123456', 'Бонусы (включая кэшбэк)': 5, 'Сумма операции': -500}
2024-07-09 00:00:25,150 - src.views - DEBUG - Обработка транзакции с номером карты: 1234567890123456
2024-07-09 00:00:25,150 - src.views - DEBUG - Операция: {'Номер карты': '1234567890123456', 'Сумма операции': -300}
2024-07-09 00:00:25,150 - src.views - DEBUG - Обработка транзакции с номером карты: 1234567890123456
2024-07-09 00:00:25,165 - src.views - DEBUG - Кэшбэк отсутствует для операции: {'Номер карты': '1234567890123456', 'Сумма операции': -300}
2024-07-09 00:00:25,165 - src.views - DEBUG - Операция: {'Номер карты': None, 'Сумма операции': -200}
2024-07-09 00:00:25,165 - src.views - WARNING - Пропущена операция без номера карты: {'Номер карты': None, 'Сумма операции': -200}
2024-07-09 00:00:25,165 - src.views - DEBUG - Обработанные данные карт: [{'last_digits': '3456', 'total_spent': 1800.0, 'cashback': 15.0}]
2024-07-09 00:00:25,165 - src.views - INFO - Успешно! Результат - 10.0
2024-07-09 00:00:25,165 - src.views - INFO - Успешно! Результат - 5.0
2024-07-09 00:00:25,165 - src.views - INFO - Успешно! Результат - 1.0
2024-07-09 00:00:25,165 - src.views - INFO - Успешно! Результат - 0.0
2024-07-09 00:00:25,165 - src.views - INFO - Отрицательная сумма трат, кэшбэк установлен в 0
2024-07-09 00:00:25,165 - src.views - INFO - Успешно! Результат - 10
2024-07-09 00:00:25,165 - src.views - INFO - Успешно! Результат - 10
2024-07-09 00:00:25,165 - src.views - INFO - Успешно! Результат - 19
2024-07-09 00:00:25,165 - src.views - INFO - Успешно! Результат - 0
2024-07-09 00:00:25,165 - src.views - INFO - Успешно! Результат - -10
2024-07-09 00:00:25,181 - src.views - INFO - Успешно! Результат - 9
2024-07-09 00:00:25,181 - src.views - INFO - Успешно! Результат - 1
2024-07-09 00:00:25,181 - src.views - INFO - Успешно! Результат - 5
2024-07-09 00:00:25,181 - src.views - INFO - Успешно! Результат - 10
2024-07-09 00:00:25,181 - src.views - INFO - Успешно! Результат - 0
2024-07-09 00:00:25,181 - src.views - INFO - Успешно! Результат - -1
2024-07-09 00:00:25,181 - src.views - INFO - Успешно! Результат - 9
2024-07-09 00:00:25,181 - src.views - INFO - Успешно! Результат - 10
2024-07-09 00:00:25,181 - src.views - INFO - Успешно! Результат - 10
2024-07-09 00:05:05,590 - src.views - DEBUG - Операция: {'Номер карты': '1234567890123456', 'Бонусы (включая кэшбэк)': 10, 'Сумма операции': -1000}
2024-07-09 00:05:05,590 - src.views - DEBUG - Обработка транзакции с номером карты: 1234567890123456
2024-07-09 00:05:05,590 - src.views - DEBUG - Операция: {'Номер карты': '1234567890123456', 'Бонусы (включая кэшбэк)': 5, 'Сумма операции': -500}
2024-07-09 00:05:05,590 - src.views - DEBUG - Обработка транзакции с номером карты: 1234567890123456
2024-07-09 00:05:05,590 - src.views - DEBUG - Операция: {'Номер карты': '1234567890123456', 'Сумма операции': -300}
2024-07-09 00:05:05,590 - src.views - DEBUG - Обработка транзакции с номером карты: 1234567890123456
2024-07-09 00:05:05,590 - src.views - DEBUG - Кэшбэк отсутствует для операции: {'Номер карты': '1234567890123456', 'Сумма операции': -300}
2024-07-09 00:05:05,590 - src.views - DEBUG - Операция: {'Номер карты': None, 'Сумма операции': -200}
2024-07-09 00:05:05,590 - src.views - WARNING - Пропущена операция без номера карты: {'Номер карты': None, 'Сумма операции': -200}
2024-07-09 00:05:05,590 - src.views - DEBUG - Обработанные данные карт: [{'last_digits': '3456', 'total_spent': 1800.0, 'cashback': 15.0}]
2024-07-09 00:05:05,590 - src.views - INFO - Успешно! Результат - 10.0
2024-07-09 00:05:05,590 - src.views - INFO - Успешно! Результат - 5.0
2024-07-09 00:05:05,590 - src.views - INFO - Успешно! Результат - 1.0
2024-07-09 00:05:05,590 - src.views - INFO - Успешно! Результат - 0.0
2024-07-09 00:05:05,590 - src.views - INFO - Отрицательная сумма трат, кэшбэк установлен в 0
2024-07-09 00:05:05,590 - src.views - INFO - Успешно! Результат - 10
2024-07-09 00:05:05,590 - src.views - INFO - Успешно! Результат - 10
2024-07-09 00:05:05,590 - src.views - INFO - Успешно! Результат - 19
2024-07-09 00:05:05,606 - src.views - INFO - Успешно! Результат - 0
2024-07-09 00:05:05,606 - src.views - INFO - Успешно! Результат - -10
2024-07-09 00:05:05,606 - src.views - INFO - Успешно! Результат - 9
2024-07-09 00:05:05,606 - src.views - INFO - Успешно! Результат - 1
2024-07-09 00:05:05,606 - src.views - INFO - Успешно! Результат - 5
2024-07-09 00:05:05,606 - src.views - INFO - Успешно! Результат - 10
2024-07-09 00:05:05,606 - src.views - INFO - Успешно! Результат - 0
2024-07-09 00:05:05,606 - src.views - INFO - Успешно! Результат - -1
2024-07-09 00:05:05,606 - src.views - INFO - Успешно! Результат - 9
2024-07-09 00:05:05,606 - src.views - INFO - Успешно! Результат - 10
2024-07-09 00:05:05,621 - src.views - INFO - Успешно! Результат - 10
2024-07-09 00:08:01,457 - src.views - INFO - Успешно! Результат - 10.0
2024-07-09 00:08:01,457 - src.views - INFO - Успешно! Результат - 5.0
2024-07-09 00:08:01,457 - src.views - INFO - Успешно! Результат - 1.0
2024-07-09 00:08:01,457 - src.views - DEBUG - Операция: {'Номер карты': '1234567890123456', 'Бонусы (включая кэшбэк)': 10, 'Сумма операции': -1000}
2024-07-09 00:08:01,457 - src.views - DEBUG - Обработка транзакции с номером карты: 1234567890123456
2024-07-09 00:08:01,457 - src.views - DEBUG - Операция: {'Номер карты': '1234567890123456', 'Бонусы (включая кэшбэк)': 5, 'Сумма операции': -500}
2024-07-09 00:08:01,457 - src.views - DEBUG - Обработка транзакции с номером карты: 1234567890123456
2024-07-09 00:08:01,457 - src.views - DEBUG - Операция: {'Номер карты': '1234567890123456', 'Сумма операции': -300}
2024-07-09 00:08:01,457 - src.views - DEBUG - Обработка транзакции с номером карты: 1234567890123456
2024-07-09 00:08:01,457 - src.views - DEBUG - Кэшбэк отсутствует для операции: {'Номер карты': '1234567890123456', 'Сумма операции': -300}
2024-07-09 00:08:01,457 - src.views - DEBUG - Операция: {'Номер карты': None, 'Сумма операции': -200}
2024-07-09 00:08:01,457 - src.views - WARNING - Пропущена операция без номера карты: {'Номер карты': None, 'Сумма операции': -200}
2024-07-09 00:08:01,457 - src.views - DEBUG - Обработанные данные карт: [{'last_digits': '3456', 'total_spent': 1800.0, 'cashback': 15.0}]
2024-07-09 00:08:01,457 - src.views - INFO - Успешно! Результат - 0.0
2024-07-09 00:08:01,457 - src.views - INFO - Отрицательная сумма трат, кэшбэк установлен в 0
2024-07-09 00:08:01,457 - src.views - INFO - Успешно! Результат - 10
2024-07-09 00:08:01,472 - src.views - INFO - Успешно! Результат - 10
2024-07-09 00:08:01,472 - src.views - INFO - Успешно! Результат - 19
2024-07-09 00:08:01,472 - src.views - INFO - Успешно! Результат - 0
2024-07-09 00:08:01,472 - src.views - INFO - Успешно! Результат - -10
2024-07-09 00:08:01,472 - src.views - INFO - Успешно! Результат - 9
2024-07-09 00:08:01,472 - src.views - INFO - Успешно! Результат - 1
2024-07-09 00:08:01,472 - src.views - INFO - Успешно! Результат - 5
2024-07-09 00:08:01,472 - src.views - INFO - Успешно! Результат - 10
2024-07-09 00:08:01,472 - src.views - INFO - Успешно! Результат - 0
2024-07-09 00:08:01,472 - src.views - INFO - Успешно! Результат - -1
2024-07-09 00:08:01,472 - src.views - INFO - Успешно! Результат - 9
2024-07-09 00:08:01,488 - src.views - INFO - Успешно! Результат - 10
2024-07-09 00:08:01,491 - src.views - INFO - Успешно! Результат - 10
2024-07-09 00:11:47,261 - src.views - INFO - Успешно! Результат - 10.0
2024-07-09 00:11:47,261 - src.views - INFO - Успешно! Результат - 5.0
2024-07-09 00:11:47,261 - src.views - INFO - Успешно! Результат - 1.0
2024-07-09 00:11:47,261 - src.views - DEBUG - Операция: {'Номер карты': '1234567890123456', 'Бонусы (включая кэшбэк)': 10, 'Сумма операции': -1000}
2024-07-09 00:11:47,261 - src.views - DEBUG - Обработка транзакции с номером карты: 1234567890123456
2024-07-09 00:11:47,261 - src.views - DEBUG - Операция: {'Номер карты': '1234567890123456', 'Бонусы (включая кэшбэк)': 5, 'Сумма операции': -500}
2024-07-09 00:11:47,261 - src.views - DEBUG - Обработка транзакции с номером карты: 1234567890123456
2024-07-09 00:11:47,261 - src.views - DEBUG - Операция: {'Номер карты': '1234567890123456', 'Сумма операции': -300}
2024-07-09 00:11:47,261 - src.views - DEBUG - Обработка транзакции с номером карты: 1234567890123456
2024-07-09 00:11:47,261 - src.views - DEBUG - Кэшбэк отсутствует для операции: {'Номер карты': '1234567890123456', 'Сумма операции': -300}
2024-07-09 00:11:47,261 - src.views - DEBUG - Операция: {'Номер карты': None, 'Сумма операции': -200}
2024-07-09 00:11:47,261 - src.views - WARNING - Пропущена операция без номера карты: {'Номер карты': None, 'Сумма операции': -200}
2024-07-09 00:11:47,261 - src.views - DEBUG - Обработанные данные карт: [{'last_digits': '3456', 'total_spent': 1800.0, 'cashback': 15.0}]
2024-07-09 00:11:47,272 - src.views - INFO - Успешно! Результат - 0.0
2024-07-09 00:11:47,272 - src.views - INFO - Отрицательная сумма трат, кэшбэк установлен в 0
2024-07-09 00:11:47,272 - src.views - INFO - Успешно! Результат - 10
2024-07-09 00:11:47,272 - src.views - INFO - Успешно! Результат - 10
2024-07-09 00:11:47,272 - src.views - INFO - Успешно! Результат - 19
2024-07-09 00:11:47,272 - src.views - INFO - Успешно! Результат - 0
2024-07-09 00:11:47,272 - src.views - INFO - Успешно! Результат - -10
2024-07-09 00:11:47,272 - src.views - INFO - Успешно! Результат - 9
2024-07-09 00:11:47,272 - src.views - INFO - Успешно! Результат - 1
2024-07-09 00:11:47,288 - src.views - INFO - Успешно! Результат - 5
2024-07-09 00:11:47,288 - src.views - INFO - Успешно! Результат - 10
2024-07-09 00:11:47,288 - src.views - INFO - Успешно! Результат - 0
2024-07-09 00:11:47,288 - src.views - INFO - Успешно! Результат - -1
2024-07-09 00:11:47,288 - src.views - INFO - Успешно! Результат - 9
2024-07-09 00:11:47,288 - src.views - INFO - Успешно! Результат - 10
2024-07-09 00:11:47,288 - src.views - INFO - Успешно! Результат - 10
